[32m2025-06-19 01:37:09 +0800[0m - dagster - [34mDEBUG[0m - __ASSET_JOB - 0bc5a277-b615-4aa7-8b6e-e9614e541884 - 709231 - LOGS_CAPTURED - Started capturing logs in process (pid: 709231).
[32m2025-06-19 01:37:09 +0800[0m - dagster - [34mDEBUG[0m - __ASSET_JOB - 0bc5a277-b615-4aa7-8b6e-e9614e541884 - 709231 - dbt_citibike_models - STEP_START - Started execution of step "dbt_citibike_models".
[32m2025-06-19 01:37:09 +0800[0m - dagster - [34mINFO[0m - __ASSET_JOB - 0bc5a277-b615-4aa7-8b6e-e9614e541884 - dbt_citibike_models - A dbt subsetted execution is being performed. Overriding default dbt selection arguments `['--select', 'fqn:*']` with arguments: `['citibike_dbt.station_cities', 'citibike_dbt.staging.stg_station_coords', 'citibike_dbt.staging.stg_station_cities']`.
[32m2025-06-19 01:37:09 +0800[0m - dagster - [34mWARNING[0m - __ASSET_JOB - 0bc5a277-b615-4aa7-8b6e-e9614e541884 - dbt_citibike_models - An error was encountered when creating a handle to the dbt adapter in Dagster.
Traceback (most recent call last):
  File "/home/hanafi/miniconda3/envs/dsai_project/lib/python3.10/site-packages/dagster_dbt/core/resource.py", line 661, in cli
    adapter = self._initialize_adapter(cli_vars)
  File "/home/hanafi/miniconda3/envs/dsai_project/lib/python3.10/site-packages/dagster_dbt/core/resource.py", line 365, in _initialize_adapter
    profile = load_profile(self.project_dir, cli_vars, self.profile, self.target)
  File "/home/hanafi/miniconda3/envs/dsai_project/lib/python3.10/site-packages/dbt/config/runtime.py", line 79, in load_profile
    profile = Profile.render(
  File "/home/hanafi/miniconda3/envs/dsai_project/lib/python3.10/site-packages/dbt/config/profile.py", line 402, in render
    return cls.from_raw_profiles(
  File "/home/hanafi/miniconda3/envs/dsai_project/lib/python3.10/site-packages/dbt/config/profile.py", line 359, in from_raw_profiles
    raise DbtProjectError("Could not find profile named '{}'".format(profile_name))
dbt.exceptions.DbtProjectError: Runtime Error
  Could not find profile named 'citibike_dbt'
[32m2025-06-19 01:37:09 +0800[0m - dagster - [34mINFO[0m - __ASSET_JOB - 0bc5a277-b615-4aa7-8b6e-e9614e541884 - dbt_citibike_models - Copying `/home/hanafi/ntu-sctp-dsai1f-project-team6/citibike_dbt/target/partial_parse.msgpack` to `/home/hanafi/ntu-sctp-dsai1f-project-team6/citibike_dbt/target/dbt_citibike_models-0bc5a27-ff0ad47/partial_parse.msgpack` to take advantage of partial parsing.
[32m2025-06-19 01:37:09 +0800[0m - dagster - [34mINFO[0m - __ASSET_JOB - 0bc5a277-b615-4aa7-8b6e-e9614e541884 - dbt_citibike_models - Running dbt command: `dbt build --select citibike_dbt.station_cities citibike_dbt.staging.stg_station_coords citibike_dbt.staging.stg_station_cities`.
[32m2025-06-19 01:37:17 +0800[0m - dagster - [34mDEBUG[0m - __ASSET_JOB - 0bc5a277-b615-4aa7-8b6e-e9614e541884 - 709231 - dbt_citibike_models - STEP_OUTPUT - Yielded output "stg_station_cities" of type "Nothing". (Type check passed).
[32m2025-06-19 01:37:17 +0800[0m - dagster - [34mDEBUG[0m - __ASSET_JOB - 0bc5a277-b615-4aa7-8b6e-e9614e541884 - 709231 - dbt_citibike_models - ASSET_MATERIALIZATION - Materialized value stg_station_cities.
[32m2025-06-19 01:37:21 +0800[0m - dagster - [34mDEBUG[0m - __ASSET_JOB - 0bc5a277-b615-4aa7-8b6e-e9614e541884 - 709231 - dbt_citibike_models - STEP_OUTPUT - Yielded output "stg_station_coords" of type "Nothing". (Type check passed).
[32m2025-06-19 01:37:21 +0800[0m - dagster - [34mDEBUG[0m - __ASSET_JOB - 0bc5a277-b615-4aa7-8b6e-e9614e541884 - 709231 - dbt_citibike_models - ASSET_MATERIALIZATION - Materialized value stg_station_coords.
[32m2025-06-19 01:37:26 +0800[0m - dagster - [34mDEBUG[0m - __ASSET_JOB - 0bc5a277-b615-4aa7-8b6e-e9614e541884 - 709231 - dbt_citibike_models - STEP_OUTPUT - Yielded output "station_cities" of type "Nothing". (Type check passed).
[32m2025-06-19 01:37:26 +0800[0m - dagster - [34mDEBUG[0m - __ASSET_JOB - 0bc5a277-b615-4aa7-8b6e-e9614e541884 - 709231 - dbt_citibike_models - ASSET_MATERIALIZATION - Materialized value station_cities.
[32m2025-06-19 01:37:26 +0800[0m - dagster - [34mINFO[0m - __ASSET_JOB - 0bc5a277-b615-4aa7-8b6e-e9614e541884 - dbt_citibike_models - Finished dbt command: `dbt build --select citibike_dbt.station_cities citibike_dbt.staging.stg_station_coords citibike_dbt.staging.stg_station_cities`.
[32m2025-06-19 01:37:26 +0800[0m - dagster - [34mDEBUG[0m - __ASSET_JOB - 0bc5a277-b615-4aa7-8b6e-e9614e541884 - 709231 - dbt_citibike_models - STEP_SUCCESS - Finished execution of step "dbt_citibike_models" in 16.79s.
