[32m2025-06-19 02:25:40 +0800[0m - dagster - [34mDEBUG[0m - __ASSET_JOB - a8624284-7ef9-4582-acc8-5f278e3f2541 - 838258 - LOGS_CAPTURED - Started capturing logs in process (pid: 838258).
[32m2025-06-19 02:25:40 +0800[0m - dagster - [34mDEBUG[0m - __ASSET_JOB - a8624284-7ef9-4582-acc8-5f278e3f2541 - 838258 - dbt_citibike_models - STEP_START - Started execution of step "dbt_citibike_models".
[32m2025-06-19 02:25:40 +0800[0m - dagster - [34mINFO[0m - __ASSET_JOB - a8624284-7ef9-4582-acc8-5f278e3f2541 - dbt_citibike_models - A dbt subsetted execution is not being performed. Using the default dbt selection arguments `['--select', 'fqn:*']`.
[32m2025-06-19 02:25:40 +0800[0m - dagster - [34mWARNING[0m - __ASSET_JOB - a8624284-7ef9-4582-acc8-5f278e3f2541 - dbt_citibike_models - An error was encountered when creating a handle to the dbt adapter in Dagster.
Traceback (most recent call last):
  File "/home/hanafi/miniconda3/envs/dsai_project/lib/python3.10/site-packages/dagster_dbt/core/resource.py", line 661, in cli
    adapter = self._initialize_adapter(cli_vars)
  File "/home/hanafi/miniconda3/envs/dsai_project/lib/python3.10/site-packages/dagster_dbt/core/resource.py", line 365, in _initialize_adapter
    profile = load_profile(self.project_dir, cli_vars, self.profile, self.target)
  File "/home/hanafi/miniconda3/envs/dsai_project/lib/python3.10/site-packages/dbt/config/runtime.py", line 79, in load_profile
    profile = Profile.render(
  File "/home/hanafi/miniconda3/envs/dsai_project/lib/python3.10/site-packages/dbt/config/profile.py", line 402, in render
    return cls.from_raw_profiles(
  File "/home/hanafi/miniconda3/envs/dsai_project/lib/python3.10/site-packages/dbt/config/profile.py", line 359, in from_raw_profiles
    raise DbtProjectError("Could not find profile named '{}'".format(profile_name))
dbt.exceptions.DbtProjectError: Runtime Error
  Could not find profile named 'citibike_dbt'
[32m2025-06-19 02:25:40 +0800[0m - dagster - [34mINFO[0m - __ASSET_JOB - a8624284-7ef9-4582-acc8-5f278e3f2541 - dbt_citibike_models - Copying `/home/hanafi/ntu-sctp-dsai1f-project-team6/citibike_dbt/target/partial_parse.msgpack` to `/home/hanafi/ntu-sctp-dsai1f-project-team6/citibike_dbt/target/dbt_citibike_models-a862428-3c4f544/partial_parse.msgpack` to take advantage of partial parsing.
[32m2025-06-19 02:25:40 +0800[0m - dagster - [34mINFO[0m - __ASSET_JOB - a8624284-7ef9-4582-acc8-5f278e3f2541 - dbt_citibike_models - Running dbt command: `dbt build --select fqn:*`.
[32m2025-06-19 02:25:51 +0800[0m - dagster - [34mDEBUG[0m - __ASSET_JOB - a8624284-7ef9-4582-acc8-5f278e3f2541 - 838258 - dbt_citibike_models - STEP_OUTPUT - Yielded output "dim_bike_types" of type "Nothing". (Type check passed).
[32m2025-06-19 02:25:51 +0800[0m - dagster - [34mDEBUG[0m - __ASSET_JOB - a8624284-7ef9-4582-acc8-5f278e3f2541 - 838258 - dbt_citibike_models - ASSET_MATERIALIZATION - Materialized value dim_bike_types.
[32m2025-06-19 02:26:09 +0800[0m - dagster - [34mDEBUG[0m - __ASSET_JOB - a8624284-7ef9-4582-acc8-5f278e3f2541 - 838258 - dbt_citibike_models - STEP_OUTPUT - Yielded output "dim_membership_types" of type "Nothing". (Type check passed).
[32m2025-06-19 02:26:09 +0800[0m - dagster - [34mDEBUG[0m - __ASSET_JOB - a8624284-7ef9-4582-acc8-5f278e3f2541 - 838258 - dbt_citibike_models - ASSET_MATERIALIZATION - Materialized value dim_membership_types.
[32m2025-06-19 02:26:13 +0800[0m - dagster - [34mDEBUG[0m - __ASSET_JOB - a8624284-7ef9-4582-acc8-5f278e3f2541 - 838258 - dbt_citibike_models - STEP_OUTPUT - Yielded output "dim_time" of type "Nothing". (Type check passed).
[32m2025-06-19 02:26:13 +0800[0m - dagster - [34mDEBUG[0m - __ASSET_JOB - a8624284-7ef9-4582-acc8-5f278e3f2541 - 838258 - dbt_citibike_models - ASSET_MATERIALIZATION - Materialized value dim_time.
[32m2025-06-19 02:26:27 +0800[0m - dagster - [34mDEBUG[0m - __ASSET_JOB - a8624284-7ef9-4582-acc8-5f278e3f2541 - 838258 - dbt_citibike_models - STEP_OUTPUT - Yielded output "stg_station_cities" of type "Nothing". (Type check passed).
[32m2025-06-19 02:26:27 +0800[0m - dagster - [34mDEBUG[0m - __ASSET_JOB - a8624284-7ef9-4582-acc8-5f278e3f2541 - 838258 - dbt_citibike_models - ASSET_MATERIALIZATION - Materialized value stg_station_cities.
[32m2025-06-19 02:26:30 +0800[0m - dagster - [34mDEBUG[0m - __ASSET_JOB - a8624284-7ef9-4582-acc8-5f278e3f2541 - 838258 - dbt_citibike_models - STEP_OUTPUT - Yielded output "stg_station_coords" of type "Nothing". (Type check passed).
[32m2025-06-19 02:26:30 +0800[0m - dagster - [34mDEBUG[0m - __ASSET_JOB - a8624284-7ef9-4582-acc8-5f278e3f2541 - 838258 - dbt_citibike_models - ASSET_MATERIALIZATION - Materialized value stg_station_coords.
[32m2025-06-19 02:26:42 +0800[0m - dagster - [34mDEBUG[0m - __ASSET_JOB - a8624284-7ef9-4582-acc8-5f278e3f2541 - 838258 - dbt_citibike_models - STEP_OUTPUT - Yielded output "price_plans" of type "Nothing". (Type check passed).
[32m2025-06-19 02:26:42 +0800[0m - dagster - [34mDEBUG[0m - __ASSET_JOB - a8624284-7ef9-4582-acc8-5f278e3f2541 - 838258 - dbt_citibike_models - ASSET_MATERIALIZATION - Materialized value price_plans.
[32m2025-06-19 02:27:00 +0800[0m - dagster - [34mDEBUG[0m - __ASSET_JOB - a8624284-7ef9-4582-acc8-5f278e3f2541 - 838258 - dbt_citibike_models - STEP_OUTPUT - Yielded output "station_cities" of type "Nothing". (Type check passed).
[32m2025-06-19 02:27:00 +0800[0m - dagster - [34mDEBUG[0m - __ASSET_JOB - a8624284-7ef9-4582-acc8-5f278e3f2541 - 838258 - dbt_citibike_models - ASSET_MATERIALIZATION - Materialized value station_cities.
[32m2025-06-19 02:27:02 +0800[0m - dagster - [34mDEBUG[0m - __ASSET_JOB - a8624284-7ef9-4582-acc8-5f278e3f2541 - 838258 - dbt_citibike_models - STEP_OUTPUT - Yielded output "dim_bike_types_dbt_expectations_expect_column_values_to_be_of_type_dim_bike_types_bike_type_id__string" of type "Any". (Type check passed).
[32m2025-06-19 02:27:02 +0800[0m - dagster - [34mDEBUG[0m - __ASSET_JOB - a8624284-7ef9-4582-acc8-5f278e3f2541 - 838258 - dbt_citibike_models - ASSET_CHECK_EVALUATION - Asset check 'dbt_expectations_expect_column_values_to_be_of_type_dim_bike_types_bike_type_id__string' on 'dim_bike_types' passed.
[32m2025-06-19 02:27:04 +0800[0m - dagster - [34mDEBUG[0m - __ASSET_JOB - a8624284-7ef9-4582-acc8-5f278e3f2541 - 838258 - dbt_citibike_models - STEP_OUTPUT - Yielded output "dim_bike_types_dbt_expectations_expect_column_values_to_be_of_type_dim_bike_types_type__string" of type "Any". (Type check passed).
[32m2025-06-19 02:27:04 +0800[0m - dagster - [34mDEBUG[0m - __ASSET_JOB - a8624284-7ef9-4582-acc8-5f278e3f2541 - 838258 - dbt_citibike_models - ASSET_CHECK_EVALUATION - Asset check 'dbt_expectations_expect_column_values_to_be_of_type_dim_bike_types_type__string' on 'dim_bike_types' passed.
[32m2025-06-19 02:27:06 +0800[0m - dagster - [34mDEBUG[0m - __ASSET_JOB - a8624284-7ef9-4582-acc8-5f278e3f2541 - 838258 - dbt_citibike_models - STEP_OUTPUT - Yielded output "dim_bike_types_not_null_dim_bike_types_bike_type_id" of type "Any". (Type check passed).
[32m2025-06-19 02:27:06 +0800[0m - dagster - [34mDEBUG[0m - __ASSET_JOB - a8624284-7ef9-4582-acc8-5f278e3f2541 - 838258 - dbt_citibike_models - ASSET_CHECK_EVALUATION - Asset check 'not_null_dim_bike_types_bike_type_id' on 'dim_bike_types' passed.
[32m2025-06-19 02:27:07 +0800[0m - dagster - [34mDEBUG[0m - __ASSET_JOB - a8624284-7ef9-4582-acc8-5f278e3f2541 - 838258 - dbt_citibike_models - STEP_OUTPUT - Yielded output "dim_bike_types_not_null_dim_bike_types_type" of type "Any". (Type check passed).
[32m2025-06-19 02:27:07 +0800[0m - dagster - [34mDEBUG[0m - __ASSET_JOB - a8624284-7ef9-4582-acc8-5f278e3f2541 - 838258 - dbt_citibike_models - ASSET_CHECK_EVALUATION - Asset check 'not_null_dim_bike_types_type' on 'dim_bike_types' passed.
[32m2025-06-19 02:27:09 +0800[0m - dagster - [34mDEBUG[0m - __ASSET_JOB - a8624284-7ef9-4582-acc8-5f278e3f2541 - 838258 - dbt_citibike_models - STEP_OUTPUT - Yielded output "dim_bike_types_unique_dim_bike_types_bike_type_id" of type "Any". (Type check passed).
[32m2025-06-19 02:27:09 +0800[0m - dagster - [34mDEBUG[0m - __ASSET_JOB - a8624284-7ef9-4582-acc8-5f278e3f2541 - 838258 - dbt_citibike_models - ASSET_CHECK_EVALUATION - Asset check 'unique_dim_bike_types_bike_type_id' on 'dim_bike_types' passed.
[32m2025-06-19 02:27:11 +0800[0m - dagster - [34mDEBUG[0m - __ASSET_JOB - a8624284-7ef9-4582-acc8-5f278e3f2541 - 838258 - dbt_citibike_models - STEP_OUTPUT - Yielded output "dim_membership_types_dbt_expectations_expect_column_values_to_be_of_type_dim_membership_types_membership_type_id__string" of type "Any". (Type check passed).
[32m2025-06-19 02:27:11 +0800[0m - dagster - [34mDEBUG[0m - __ASSET_JOB - a8624284-7ef9-4582-acc8-5f278e3f2541 - 838258 - dbt_citibike_models - ASSET_CHECK_EVALUATION - Asset check 'dbt_expectations_expect_column_values_to_be_of_type_dim_membership_types_membership_type_id__string' on 'dim_membership_types' passed.
[32m2025-06-19 02:27:13 +0800[0m - dagster - [34mDEBUG[0m - __ASSET_JOB - a8624284-7ef9-4582-acc8-5f278e3f2541 - 838258 - dbt_citibike_models - STEP_OUTPUT - Yielded output "dim_membership_types_dbt_expectations_expect_column_values_to_be_of_type_dim_membership_types_type__string" of type "Any". (Type check passed).
[32m2025-06-19 02:27:13 +0800[0m - dagster - [34mDEBUG[0m - __ASSET_JOB - a8624284-7ef9-4582-acc8-5f278e3f2541 - 838258 - dbt_citibike_models - ASSET_CHECK_EVALUATION - Asset check 'dbt_expectations_expect_column_values_to_be_of_type_dim_membership_types_type__string' on 'dim_membership_types' passed.
[32m2025-06-19 02:27:14 +0800[0m - dagster - [34mDEBUG[0m - __ASSET_JOB - a8624284-7ef9-4582-acc8-5f278e3f2541 - 838258 - dbt_citibike_models - STEP_OUTPUT - Yielded output "dim_membership_types_not_null_dim_membership_types_membership_type_id" of type "Any". (Type check passed).
[32m2025-06-19 02:27:14 +0800[0m - dagster - [34mDEBUG[0m - __ASSET_JOB - a8624284-7ef9-4582-acc8-5f278e3f2541 - 838258 - dbt_citibike_models - ASSET_CHECK_EVALUATION - Asset check 'not_null_dim_membership_types_membership_type_id' on 'dim_membership_types' passed.
[32m2025-06-19 02:27:16 +0800[0m - dagster - [34mDEBUG[0m - __ASSET_JOB - a8624284-7ef9-4582-acc8-5f278e3f2541 - 838258 - dbt_citibike_models - STEP_OUTPUT - Yielded output "dim_membership_types_not_null_dim_membership_types_type" of type "Any". (Type check passed).
[32m2025-06-19 02:27:16 +0800[0m - dagster - [34mDEBUG[0m - __ASSET_JOB - a8624284-7ef9-4582-acc8-5f278e3f2541 - 838258 - dbt_citibike_models - ASSET_CHECK_EVALUATION - Asset check 'not_null_dim_membership_types_type' on 'dim_membership_types' passed.
[32m2025-06-19 02:27:17 +0800[0m - dagster - [34mDEBUG[0m - __ASSET_JOB - a8624284-7ef9-4582-acc8-5f278e3f2541 - 838258 - dbt_citibike_models - STEP_OUTPUT - Yielded output "dim_membership_types_unique_dim_membership_types_membership_type_id" of type "Any". (Type check passed).
[32m2025-06-19 02:27:17 +0800[0m - dagster - [34mDEBUG[0m - __ASSET_JOB - a8624284-7ef9-4582-acc8-5f278e3f2541 - 838258 - dbt_citibike_models - ASSET_CHECK_EVALUATION - Asset check 'unique_dim_membership_types_membership_type_id' on 'dim_membership_types' passed.
[32m2025-06-19 02:27:21 +0800[0m - dagster - [34mDEBUG[0m - __ASSET_JOB - a8624284-7ef9-4582-acc8-5f278e3f2541 - 838258 - dbt_citibike_models - STEP_OUTPUT - Yielded output "dim_stations" of type "Nothing". (Type check passed).
[32m2025-06-19 02:27:21 +0800[0m - dagster - [34mDEBUG[0m - __ASSET_JOB - a8624284-7ef9-4582-acc8-5f278e3f2541 - 838258 - dbt_citibike_models - ASSET_MATERIALIZATION - Materialized value dim_stations.
[32m2025-06-19 02:27:24 +0800[0m - dagster - [34mDEBUG[0m - __ASSET_JOB - a8624284-7ef9-4582-acc8-5f278e3f2541 - 838258 - dbt_citibike_models - STEP_OUTPUT - Yielded output "dim_price_plans" of type "Nothing". (Type check passed).
[32m2025-06-19 02:27:24 +0800[0m - dagster - [34mDEBUG[0m - __ASSET_JOB - a8624284-7ef9-4582-acc8-5f278e3f2541 - 838258 - dbt_citibike_models - ASSET_MATERIALIZATION - Materialized value dim_price_plans.
[32m2025-06-19 02:27:27 +0800[0m - dagster - [34mDEBUG[0m - __ASSET_JOB - a8624284-7ef9-4582-acc8-5f278e3f2541 - 838258 - dbt_citibike_models - STEP_OUTPUT - Yielded output "dim_price_plans_dbt_expectations_expect_column_values_to_be_of_type_dim_price_plans_bike_type__string" of type "Any". (Type check passed).
[32m2025-06-19 02:27:27 +0800[0m - dagster - [34mDEBUG[0m - __ASSET_JOB - a8624284-7ef9-4582-acc8-5f278e3f2541 - 838258 - dbt_citibike_models - ASSET_CHECK_EVALUATION - Asset check 'dbt_expectations_expect_column_values_to_be_of_type_dim_price_plans_bike_type__string' on 'dim_price_plans' passed.
[32m2025-06-19 02:27:29 +0800[0m - dagster - [34mDEBUG[0m - __ASSET_JOB - a8624284-7ef9-4582-acc8-5f278e3f2541 - 838258 - dbt_citibike_models - STEP_OUTPUT - Yielded output "dim_price_plans_dbt_expectations_expect_column_values_to_be_of_type_dim_price_plans_included_mins__int64" of type "Any". (Type check passed).
[32m2025-06-19 02:27:29 +0800[0m - dagster - [34mDEBUG[0m - __ASSET_JOB - a8624284-7ef9-4582-acc8-5f278e3f2541 - 838258 - dbt_citibike_models - ASSET_CHECK_EVALUATION - Asset check 'dbt_expectations_expect_column_values_to_be_of_type_dim_price_plans_included_mins__int64' on 'dim_price_plans' passed.
[32m2025-06-19 02:27:30 +0800[0m - dagster - [34mDEBUG[0m - __ASSET_JOB - a8624284-7ef9-4582-acc8-5f278e3f2541 - 838258 - dbt_citibike_models - STEP_OUTPUT - Yielded output "dim_price_plans_dbt_expectations_expect_column_values_to_be_of_type_dim_price_plans_membership_type__string" of type "Any". (Type check passed).
[32m2025-06-19 02:27:30 +0800[0m - dagster - [34mDEBUG[0m - __ASSET_JOB - a8624284-7ef9-4582-acc8-5f278e3f2541 - 838258 - dbt_citibike_models - ASSET_CHECK_EVALUATION - Asset check 'dbt_expectations_expect_column_values_to_be_of_type_dim_price_plans_membership_type__string' on 'dim_price_plans' passed.
[32m2025-06-19 02:27:32 +0800[0m - dagster - [34mDEBUG[0m - __ASSET_JOB - a8624284-7ef9-4582-acc8-5f278e3f2541 - 838258 - dbt_citibike_models - STEP_OUTPUT - Yielded output "dim_price_plans_dbt_expectations_expect_column_values_to_be_of_type_dim_price_plans_per_minute_pricing__float64" of type "Any". (Type check passed).
[32m2025-06-19 02:27:32 +0800[0m - dagster - [34mDEBUG[0m - __ASSET_JOB - a8624284-7ef9-4582-acc8-5f278e3f2541 - 838258 - dbt_citibike_models - ASSET_CHECK_EVALUATION - Asset check 'dbt_expectations_expect_column_values_to_be_of_type_dim_price_plans_per_minute_pricing__float64' on 'dim_price_plans' passed.
[32m2025-06-19 02:27:34 +0800[0m - dagster - [34mDEBUG[0m - __ASSET_JOB - a8624284-7ef9-4582-acc8-5f278e3f2541 - 838258 - dbt_citibike_models - STEP_OUTPUT - Yielded output "dim_price_plans_dbt_expectations_expect_column_values_to_be_of_type_dim_price_plans_price_plan_id__int64" of type "Any". (Type check passed).
[32m2025-06-19 02:27:34 +0800[0m - dagster - [34mDEBUG[0m - __ASSET_JOB - a8624284-7ef9-4582-acc8-5f278e3f2541 - 838258 - dbt_citibike_models - ASSET_CHECK_EVALUATION - Asset check 'dbt_expectations_expect_column_values_to_be_of_type_dim_price_plans_price_plan_id__int64' on 'dim_price_plans' passed.
[32m2025-06-19 02:27:36 +0800[0m - dagster - [34mDEBUG[0m - __ASSET_JOB - a8624284-7ef9-4582-acc8-5f278e3f2541 - 838258 - dbt_citibike_models - STEP_OUTPUT - Yielded output "dim_price_plans_dbt_expectations_expect_column_values_to_be_of_type_dim_price_plans_unlock_fee__float64" of type "Any". (Type check passed).
[32m2025-06-19 02:27:36 +0800[0m - dagster - [34mDEBUG[0m - __ASSET_JOB - a8624284-7ef9-4582-acc8-5f278e3f2541 - 838258 - dbt_citibike_models - ASSET_CHECK_EVALUATION - Asset check 'dbt_expectations_expect_column_values_to_be_of_type_dim_price_plans_unlock_fee__float64' on 'dim_price_plans' passed.
[32m2025-06-19 02:27:37 +0800[0m - dagster - [34mDEBUG[0m - __ASSET_JOB - a8624284-7ef9-4582-acc8-5f278e3f2541 - 838258 - dbt_citibike_models - STEP_OUTPUT - Yielded output "dim_price_plans_dbt_expectations_expect_column_values_to_be_of_type_dim_price_plans_valid_from__date" of type "Any". (Type check passed).
[32m2025-06-19 02:27:37 +0800[0m - dagster - [34mDEBUG[0m - __ASSET_JOB - a8624284-7ef9-4582-acc8-5f278e3f2541 - 838258 - dbt_citibike_models - ASSET_CHECK_EVALUATION - Asset check 'dbt_expectations_expect_column_values_to_be_of_type_dim_price_plans_valid_from__date' on 'dim_price_plans' passed.
[32m2025-06-19 02:27:39 +0800[0m - dagster - [34mDEBUG[0m - __ASSET_JOB - a8624284-7ef9-4582-acc8-5f278e3f2541 - 838258 - dbt_citibike_models - STEP_OUTPUT - Yielded output "dim_price_plans_dbt_expectations_expect_column_values_to_be_of_type_dim_price_plans_valid_to__date" of type "Any". (Type check passed).
[32m2025-06-19 02:27:39 +0800[0m - dagster - [34mDEBUG[0m - __ASSET_JOB - a8624284-7ef9-4582-acc8-5f278e3f2541 - 838258 - dbt_citibike_models - ASSET_CHECK_EVALUATION - Asset check 'dbt_expectations_expect_column_values_to_be_of_type_dim_price_plans_valid_to__date' on 'dim_price_plans' passed.
[32m2025-06-19 02:27:41 +0800[0m - dagster - [34mDEBUG[0m - __ASSET_JOB - a8624284-7ef9-4582-acc8-5f278e3f2541 - 838258 - dbt_citibike_models - STEP_OUTPUT - Yielded output "dim_price_plans_not_null_dim_price_plans_bike_type" of type "Any". (Type check passed).
[32m2025-06-19 02:27:41 +0800[0m - dagster - [34mDEBUG[0m - __ASSET_JOB - a8624284-7ef9-4582-acc8-5f278e3f2541 - 838258 - dbt_citibike_models - ASSET_CHECK_EVALUATION - Asset check 'not_null_dim_price_plans_bike_type' on 'dim_price_plans' passed.
[32m2025-06-19 02:27:42 +0800[0m - dagster - [34mDEBUG[0m - __ASSET_JOB - a8624284-7ef9-4582-acc8-5f278e3f2541 - 838258 - dbt_citibike_models - STEP_OUTPUT - Yielded output "dim_price_plans_not_null_dim_price_plans_membership_type" of type "Any". (Type check passed).
[32m2025-06-19 02:27:42 +0800[0m - dagster - [34mDEBUG[0m - __ASSET_JOB - a8624284-7ef9-4582-acc8-5f278e3f2541 - 838258 - dbt_citibike_models - ASSET_CHECK_EVALUATION - Asset check 'not_null_dim_price_plans_membership_type' on 'dim_price_plans' passed.
[32m2025-06-19 02:27:44 +0800[0m - dagster - [34mDEBUG[0m - __ASSET_JOB - a8624284-7ef9-4582-acc8-5f278e3f2541 - 838258 - dbt_citibike_models - STEP_OUTPUT - Yielded output "dim_price_plans_not_null_dim_price_plans_price_plan_id" of type "Any". (Type check passed).
[32m2025-06-19 02:27:44 +0800[0m - dagster - [34mDEBUG[0m - __ASSET_JOB - a8624284-7ef9-4582-acc8-5f278e3f2541 - 838258 - dbt_citibike_models - ASSET_CHECK_EVALUATION - Asset check 'not_null_dim_price_plans_price_plan_id' on 'dim_price_plans' passed.
[32m2025-06-19 02:27:45 +0800[0m - dagster - [34mDEBUG[0m - __ASSET_JOB - a8624284-7ef9-4582-acc8-5f278e3f2541 - 838258 - dbt_citibike_models - STEP_OUTPUT - Yielded output "dim_price_plans_unique_dim_price_plans_price_plan_id" of type "Any". (Type check passed).
[32m2025-06-19 02:27:45 +0800[0m - dagster - [34mDEBUG[0m - __ASSET_JOB - a8624284-7ef9-4582-acc8-5f278e3f2541 - 838258 - dbt_citibike_models - ASSET_CHECK_EVALUATION - Asset check 'unique_dim_price_plans_price_plan_id' on 'dim_price_plans' passed.
[32m2025-06-19 02:27:50 +0800[0m - dagster - [34mDEBUG[0m - __ASSET_JOB - a8624284-7ef9-4582-acc8-5f278e3f2541 - 838258 - dbt_citibike_models - STEP_OUTPUT - Yielded output "fact_trips" of type "Nothing". (Type check passed).
[32m2025-06-19 02:27:50 +0800[0m - dagster - [34mDEBUG[0m - __ASSET_JOB - a8624284-7ef9-4582-acc8-5f278e3f2541 - 838258 - dbt_citibike_models - ASSET_MATERIALIZATION - Materialized value fact_trips.
[32m2025-06-19 02:27:51 +0800[0m - dagster - [34mDEBUG[0m - __ASSET_JOB - a8624284-7ef9-4582-acc8-5f278e3f2541 - 838258 - dbt_citibike_models - STEP_OUTPUT - Yielded output "fact_trips_dbt_expectations_expect_column_pair_values_A_to_be_greater_than_B_fact_trips_ended_at__started_at" of type "Any". (Type check passed).
[32m2025-06-19 02:27:51 +0800[0m - dagster - [34mDEBUG[0m - __ASSET_JOB - a8624284-7ef9-4582-acc8-5f278e3f2541 - 838258 - dbt_citibike_models - ASSET_CHECK_EVALUATION - Asset check 'dbt_expectations_expect_column_pair_values_A_to_be_greater_than_B_fact_trips_ended_at__started_at' on 'fact_trips' passed.
[32m2025-06-19 02:27:53 +0800[0m - dagster - [34mDEBUG[0m - __ASSET_JOB - a8624284-7ef9-4582-acc8-5f278e3f2541 - 838258 - dbt_citibike_models - STEP_OUTPUT - Yielded output "fact_trips_dbt_expectations_expect_column_values_to_be_between_fact_trips_duration_mins__0__True" of type "Any". (Type check passed).
[32m2025-06-19 02:27:53 +0800[0m - dagster - [34mDEBUG[0m - __ASSET_JOB - a8624284-7ef9-4582-acc8-5f278e3f2541 - 838258 - dbt_citibike_models - ASSET_CHECK_EVALUATION - Asset check 'dbt_expectations_expect_column_values_to_be_between_fact_trips_duration_mins__0__True' on 'fact_trips' passed.
[32m2025-06-19 02:27:55 +0800[0m - dagster - [34mDEBUG[0m - __ASSET_JOB - a8624284-7ef9-4582-acc8-5f278e3f2541 - 838258 - dbt_citibike_models - STEP_OUTPUT - Yielded output "fact_trips_dbt_expectations_expect_column_values_to_be_between_fact_trips_price_paid__0__False" of type "Any". (Type check passed).
[32m2025-06-19 02:27:55 +0800[0m - dagster - [34mDEBUG[0m - __ASSET_JOB - a8624284-7ef9-4582-acc8-5f278e3f2541 - 838258 - dbt_citibike_models - ASSET_CHECK_EVALUATION - Asset check 'dbt_expectations_expect_column_values_to_be_between_fact_trips_price_paid__0__False' on 'fact_trips' passed.
[32m2025-06-19 02:27:56 +0800[0m - dagster - [34mDEBUG[0m - __ASSET_JOB - a8624284-7ef9-4582-acc8-5f278e3f2541 - 838258 - dbt_citibike_models - STEP_OUTPUT - Yielded output "fact_trips_dbt_expectations_expect_column_values_to_be_of_type_fact_trips_bike_type_id__string" of type "Any". (Type check passed).
[32m2025-06-19 02:27:56 +0800[0m - dagster - [34mDEBUG[0m - __ASSET_JOB - a8624284-7ef9-4582-acc8-5f278e3f2541 - 838258 - dbt_citibike_models - ASSET_CHECK_EVALUATION - Asset check 'dbt_expectations_expect_column_values_to_be_of_type_fact_trips_bike_type_id__string' on 'fact_trips' passed.
[32m2025-06-19 02:27:58 +0800[0m - dagster - [34mDEBUG[0m - __ASSET_JOB - a8624284-7ef9-4582-acc8-5f278e3f2541 - 838258 - dbt_citibike_models - STEP_OUTPUT - Yielded output "fact_trips_dbt_expectations_expect_column_values_to_be_of_type_fact_trips_duration_mins__int64" of type "Any". (Type check passed).
[32m2025-06-19 02:27:58 +0800[0m - dagster - [34mDEBUG[0m - __ASSET_JOB - a8624284-7ef9-4582-acc8-5f278e3f2541 - 838258 - dbt_citibike_models - ASSET_CHECK_EVALUATION - Asset check 'dbt_expectations_expect_column_values_to_be_of_type_fact_trips_duration_mins__int64' on 'fact_trips' passed.
[32m2025-06-19 02:28:01 +0800[0m - dagster - [34mDEBUG[0m - __ASSET_JOB - a8624284-7ef9-4582-acc8-5f278e3f2541 - 838258 - dbt_citibike_models - STEP_OUTPUT - Yielded output "fact_trips_dbt_expectations_expect_column_values_to_be_of_type_fact_trips_end_station_key__string" of type "Any". (Type check passed).
[32m2025-06-19 02:28:01 +0800[0m - dagster - [34mDEBUG[0m - __ASSET_JOB - a8624284-7ef9-4582-acc8-5f278e3f2541 - 838258 - dbt_citibike_models - ASSET_CHECK_EVALUATION - Asset check 'dbt_expectations_expect_column_values_to_be_of_type_fact_trips_end_station_key__string' on 'fact_trips' passed.
[32m2025-06-19 02:28:03 +0800[0m - dagster - [34mDEBUG[0m - __ASSET_JOB - a8624284-7ef9-4582-acc8-5f278e3f2541 - 838258 - dbt_citibike_models - STEP_OUTPUT - Yielded output "fact_trips_dbt_expectations_expect_column_values_to_be_of_type_fact_trips_ended_at__timestamp" of type "Any". (Type check passed).
[32m2025-06-19 02:28:03 +0800[0m - dagster - [34mDEBUG[0m - __ASSET_JOB - a8624284-7ef9-4582-acc8-5f278e3f2541 - 838258 - dbt_citibike_models - ASSET_CHECK_EVALUATION - Asset check 'dbt_expectations_expect_column_values_to_be_of_type_fact_trips_ended_at__timestamp' on 'fact_trips' passed.
[32m2025-06-19 02:28:05 +0800[0m - dagster - [34mDEBUG[0m - __ASSET_JOB - a8624284-7ef9-4582-acc8-5f278e3f2541 - 838258 - dbt_citibike_models - STEP_OUTPUT - Yielded output "fact_trips_dbt_expectations_expect_column_values_to_be_of_type_fact_trips_membership_type_id__string" of type "Any". (Type check passed).
[32m2025-06-19 02:28:05 +0800[0m - dagster - [34mDEBUG[0m - __ASSET_JOB - a8624284-7ef9-4582-acc8-5f278e3f2541 - 838258 - dbt_citibike_models - ASSET_CHECK_EVALUATION - Asset check 'dbt_expectations_expect_column_values_to_be_of_type_fact_trips_membership_type_id__string' on 'fact_trips' passed.
[32m2025-06-19 02:28:06 +0800[0m - dagster - [34mDEBUG[0m - __ASSET_JOB - a8624284-7ef9-4582-acc8-5f278e3f2541 - 838258 - dbt_citibike_models - STEP_OUTPUT - Yielded output "fact_trips_dbt_expectations_expect_column_values_to_be_of_type_fact_trips_price_paid__float64" of type "Any". (Type check passed).
[32m2025-06-19 02:28:06 +0800[0m - dagster - [34mDEBUG[0m - __ASSET_JOB - a8624284-7ef9-4582-acc8-5f278e3f2541 - 838258 - dbt_citibike_models - ASSET_CHECK_EVALUATION - Asset check 'dbt_expectations_expect_column_values_to_be_of_type_fact_trips_price_paid__float64' on 'fact_trips' passed.
[32m2025-06-19 02:28:08 +0800[0m - dagster - [34mDEBUG[0m - __ASSET_JOB - a8624284-7ef9-4582-acc8-5f278e3f2541 - 838258 - dbt_citibike_models - STEP_OUTPUT - Yielded output "fact_trips_dbt_expectations_expect_column_values_to_be_of_type_fact_trips_price_plan_id__int64" of type "Any". (Type check passed).
[32m2025-06-19 02:28:08 +0800[0m - dagster - [34mDEBUG[0m - __ASSET_JOB - a8624284-7ef9-4582-acc8-5f278e3f2541 - 838258 - dbt_citibike_models - ASSET_CHECK_EVALUATION - Asset check 'dbt_expectations_expect_column_values_to_be_of_type_fact_trips_price_plan_id__int64' on 'fact_trips' passed.
[32m2025-06-19 02:28:10 +0800[0m - dagster - [34mDEBUG[0m - __ASSET_JOB - a8624284-7ef9-4582-acc8-5f278e3f2541 - 838258 - dbt_citibike_models - STEP_OUTPUT - Yielded output "fact_trips_dbt_expectations_expect_column_values_to_be_of_type_fact_trips_start_station_key__string" of type "Any". (Type check passed).
[32m2025-06-19 02:28:10 +0800[0m - dagster - [34mDEBUG[0m - __ASSET_JOB - a8624284-7ef9-4582-acc8-5f278e3f2541 - 838258 - dbt_citibike_models - ASSET_CHECK_EVALUATION - Asset check 'dbt_expectations_expect_column_values_to_be_of_type_fact_trips_start_station_key__string' on 'fact_trips' passed.
[32m2025-06-19 02:28:11 +0800[0m - dagster - [34mDEBUG[0m - __ASSET_JOB - a8624284-7ef9-4582-acc8-5f278e3f2541 - 838258 - dbt_citibike_models - STEP_OUTPUT - Yielded output "fact_trips_dbt_expectations_expect_column_values_to_be_of_type_fact_trips_started_at__timestamp" of type "Any". (Type check passed).
[32m2025-06-19 02:28:11 +0800[0m - dagster - [34mDEBUG[0m - __ASSET_JOB - a8624284-7ef9-4582-acc8-5f278e3f2541 - 838258 - dbt_citibike_models - ASSET_CHECK_EVALUATION - Asset check 'dbt_expectations_expect_column_values_to_be_of_type_fact_trips_started_at__timestamp' on 'fact_trips' passed.
[32m2025-06-19 02:28:13 +0800[0m - dagster - [34mDEBUG[0m - __ASSET_JOB - a8624284-7ef9-4582-acc8-5f278e3f2541 - 838258 - dbt_citibike_models - STEP_OUTPUT - Yielded output "fact_trips_dbt_expectations_expect_column_values_to_be_of_type_fact_trips_trip_id__string" of type "Any". (Type check passed).
[32m2025-06-19 02:28:13 +0800[0m - dagster - [34mDEBUG[0m - __ASSET_JOB - a8624284-7ef9-4582-acc8-5f278e3f2541 - 838258 - dbt_citibike_models - ASSET_CHECK_EVALUATION - Asset check 'dbt_expectations_expect_column_values_to_be_of_type_fact_trips_trip_id__string' on 'fact_trips' passed.
[32m2025-06-19 02:28:15 +0800[0m - dagster - [34mDEBUG[0m - __ASSET_JOB - a8624284-7ef9-4582-acc8-5f278e3f2541 - 838258 - dbt_citibike_models - STEP_OUTPUT - Yielded output "fact_trips_not_null_fact_trips_bike_type_id" of type "Any". (Type check passed).
[32m2025-06-19 02:28:15 +0800[0m - dagster - [34mDEBUG[0m - __ASSET_JOB - a8624284-7ef9-4582-acc8-5f278e3f2541 - 838258 - dbt_citibike_models - ASSET_CHECK_EVALUATION - Asset check 'not_null_fact_trips_bike_type_id' on 'fact_trips' passed.
[32m2025-06-19 02:28:17 +0800[0m - dagster - [34mDEBUG[0m - __ASSET_JOB - a8624284-7ef9-4582-acc8-5f278e3f2541 - 838258 - dbt_citibike_models - STEP_OUTPUT - Yielded output "fact_trips_not_null_fact_trips_end_station_key" of type "Any". (Type check passed).
[32m2025-06-19 02:28:17 +0800[0m - dagster - [34mDEBUG[0m - __ASSET_JOB - a8624284-7ef9-4582-acc8-5f278e3f2541 - 838258 - dbt_citibike_models - ASSET_CHECK_EVALUATION - Asset check 'not_null_fact_trips_end_station_key' on 'fact_trips' passed.
[32m2025-06-19 02:28:18 +0800[0m - dagster - [34mDEBUG[0m - __ASSET_JOB - a8624284-7ef9-4582-acc8-5f278e3f2541 - 838258 - dbt_citibike_models - STEP_OUTPUT - Yielded output "fact_trips_not_null_fact_trips_membership_type_id" of type "Any". (Type check passed).
[32m2025-06-19 02:28:18 +0800[0m - dagster - [34mDEBUG[0m - __ASSET_JOB - a8624284-7ef9-4582-acc8-5f278e3f2541 - 838258 - dbt_citibike_models - ASSET_CHECK_EVALUATION - Asset check 'not_null_fact_trips_membership_type_id' on 'fact_trips' passed.
[32m2025-06-19 02:28:20 +0800[0m - dagster - [34mDEBUG[0m - __ASSET_JOB - a8624284-7ef9-4582-acc8-5f278e3f2541 - 838258 - dbt_citibike_models - STEP_OUTPUT - Yielded output "fact_trips_not_null_fact_trips_price_plan_id" of type "Any". (Type check passed).
[32m2025-06-19 02:28:20 +0800[0m - dagster - [34mDEBUG[0m - __ASSET_JOB - a8624284-7ef9-4582-acc8-5f278e3f2541 - 838258 - dbt_citibike_models - ASSET_CHECK_EVALUATION - Asset check 'not_null_fact_trips_price_plan_id' on 'fact_trips' passed.
[32m2025-06-19 02:28:22 +0800[0m - dagster - [34mDEBUG[0m - __ASSET_JOB - a8624284-7ef9-4582-acc8-5f278e3f2541 - 838258 - dbt_citibike_models - STEP_OUTPUT - Yielded output "fact_trips_not_null_fact_trips_start_station_key" of type "Any". (Type check passed).
[32m2025-06-19 02:28:22 +0800[0m - dagster - [34mDEBUG[0m - __ASSET_JOB - a8624284-7ef9-4582-acc8-5f278e3f2541 - 838258 - dbt_citibike_models - ASSET_CHECK_EVALUATION - Asset check 'not_null_fact_trips_start_station_key' on 'fact_trips' passed.
[32m2025-06-19 02:28:24 +0800[0m - dagster - [34mDEBUG[0m - __ASSET_JOB - a8624284-7ef9-4582-acc8-5f278e3f2541 - 838258 - dbt_citibike_models - STEP_OUTPUT - Yielded output "fact_trips_not_null_fact_trips_trip_id" of type "Any". (Type check passed).
[32m2025-06-19 02:28:24 +0800[0m - dagster - [34mDEBUG[0m - __ASSET_JOB - a8624284-7ef9-4582-acc8-5f278e3f2541 - 838258 - dbt_citibike_models - ASSET_CHECK_EVALUATION - Asset check 'not_null_fact_trips_trip_id' on 'fact_trips' passed.
[32m2025-06-19 02:28:25 +0800[0m - dagster - [34mDEBUG[0m - __ASSET_JOB - a8624284-7ef9-4582-acc8-5f278e3f2541 - 838258 - dbt_citibike_models - STEP_OUTPUT - Yielded output "fact_trips_relationships_fact_trips_bike_type_id__bike_type_id__ref_dim_bike_types_" of type "Any". (Type check passed).
[32m2025-06-19 02:28:25 +0800[0m - dagster - [34mDEBUG[0m - __ASSET_JOB - a8624284-7ef9-4582-acc8-5f278e3f2541 - 838258 - dbt_citibike_models - ASSET_CHECK_EVALUATION - Asset check 'relationships_fact_trips_bike_type_id__bike_type_id__ref_dim_bike_types_' on 'fact_trips' passed.
[32m2025-06-19 02:28:27 +0800[0m - dagster - [34mDEBUG[0m - __ASSET_JOB - a8624284-7ef9-4582-acc8-5f278e3f2541 - 838258 - dbt_citibike_models - STEP_OUTPUT - Yielded output "fact_trips_relationships_fact_trips_end_station_key__station_key__ref_dim_stations_" of type "Any". (Type check passed).
[32m2025-06-19 02:28:27 +0800[0m - dagster - [34mDEBUG[0m - __ASSET_JOB - a8624284-7ef9-4582-acc8-5f278e3f2541 - 838258 - dbt_citibike_models - ASSET_CHECK_EVALUATION - Asset check 'relationships_fact_trips_end_station_key__station_key__ref_dim_stations_' on 'fact_trips' passed.
[32m2025-06-19 02:28:28 +0800[0m - dagster - [34mDEBUG[0m - __ASSET_JOB - a8624284-7ef9-4582-acc8-5f278e3f2541 - 838258 - dbt_citibike_models - STEP_OUTPUT - Yielded output "fact_trips_relationships_fact_trips_membership_type_id__membership_type_id__ref_dim_membership_types_" of type "Any". (Type check passed).
[32m2025-06-19 02:28:28 +0800[0m - dagster - [34mDEBUG[0m - __ASSET_JOB - a8624284-7ef9-4582-acc8-5f278e3f2541 - 838258 - dbt_citibike_models - ASSET_CHECK_EVALUATION - Asset check 'relationships_fact_trips_membership_type_id__membership_type_id__ref_dim_membership_types_' on 'fact_trips' passed.
[32m2025-06-19 02:28:34 +0800[0m - dagster - [34mDEBUG[0m - __ASSET_JOB - a8624284-7ef9-4582-acc8-5f278e3f2541 - 838258 - dbt_citibike_models - STEP_OUTPUT - Yielded output "fact_trips_relationships_fact_trips_price_plan_id__price_plan_id__ref_price_plans_" of type "Any". (Type check passed).
[32m2025-06-19 02:28:34 +0800[0m - dagster - [34mDEBUG[0m - __ASSET_JOB - a8624284-7ef9-4582-acc8-5f278e3f2541 - 838258 - dbt_citibike_models - ASSET_CHECK_EVALUATION - Asset check 'relationships_fact_trips_price_plan_id__price_plan_id__ref_price_plans_' on 'fact_trips' passed.
[32m2025-06-19 02:28:36 +0800[0m - dagster - [34mDEBUG[0m - __ASSET_JOB - a8624284-7ef9-4582-acc8-5f278e3f2541 - 838258 - dbt_citibike_models - STEP_OUTPUT - Yielded output "fact_trips_relationships_fact_trips_start_station_key__station_key__ref_dim_stations_" of type "Any". (Type check passed).
[32m2025-06-19 02:28:36 +0800[0m - dagster - [34mDEBUG[0m - __ASSET_JOB - a8624284-7ef9-4582-acc8-5f278e3f2541 - 838258 - dbt_citibike_models - ASSET_CHECK_EVALUATION - Asset check 'relationships_fact_trips_start_station_key__station_key__ref_dim_stations_' on 'fact_trips' passed.
[32m2025-06-19 02:28:38 +0800[0m - dagster - [34mDEBUG[0m - __ASSET_JOB - a8624284-7ef9-4582-acc8-5f278e3f2541 - 838258 - dbt_citibike_models - STEP_OUTPUT - Yielded output "fact_trips_unique_fact_trips_trip_id" of type "Any". (Type check passed).
[32m2025-06-19 02:28:38 +0800[0m - dagster - [34mDEBUG[0m - __ASSET_JOB - a8624284-7ef9-4582-acc8-5f278e3f2541 - 838258 - dbt_citibike_models - ASSET_CHECK_EVALUATION - Asset check 'unique_fact_trips_trip_id' on 'fact_trips' passed.
[32m2025-06-19 02:28:51 +0800[0m - dagster - [34mDEBUG[0m - __ASSET_JOB - a8624284-7ef9-4582-acc8-5f278e3f2541 - 838258 - dbt_citibike_models - STEP_OUTPUT - Yielded output "fact_trips_snapshot" of type "Nothing". (Type check passed).
[32m2025-06-19 02:28:51 +0800[0m - dagster - [34mDEBUG[0m - __ASSET_JOB - a8624284-7ef9-4582-acc8-5f278e3f2541 - 838258 - dbt_citibike_models - ASSET_MATERIALIZATION - Materialized value fact_trips_snapshot.
[32m2025-06-19 02:28:52 +0800[0m - dagster - [34mINFO[0m - __ASSET_JOB - a8624284-7ef9-4582-acc8-5f278e3f2541 - dbt_citibike_models - Finished dbt command: `dbt build --select fqn:*`.
[32m2025-06-19 02:28:52 +0800[0m - dagster - [34mDEBUG[0m - __ASSET_JOB - a8624284-7ef9-4582-acc8-5f278e3f2541 - 838258 - dbt_citibike_models - STEP_SUCCESS - Finished execution of step "dbt_citibike_models" in 3m7s.
